<?xml version="1.0" encoding="UTF-8"?>
<!-- Generated by org.testng.reporters.JUnitReportReporter -->
<testsuite hostname="microsof-700290" name="pack_test.TestCount" tests="1" failures="0" timestamp="15 Dec 2012 22:18:47 GMT" time="271.484" errors="0">
  <testcase name="TestStart" time="271.484" classname="pack_test.TestCount"/>
</testsuite> <!-- pack_test.TestCount -->
