<?xml version="1.0" encoding="UTF-8"?>
<!-- Generated by org.testng.reporters.JUnitReportReporter -->
<testsuite hostname="microsof-700290" name="pack_test.TestCount" tests="1" failures="0" timestamp="4 Dec 2012 19:40:10 GMT" time="300.078" errors="0">
  <testcase name="TestStart" time="300.078" classname="pack_test.TestCount"/>
</testsuite> <!-- pack_test.TestCount -->
