<?xml version="1.0" encoding="UTF-8"?>
<!-- Generated by org.testng.reporters.JUnitReportReporter -->
<testsuite hostname="ps-pc-038" name="pack_test.Test_128" tests="1" failures="0" timestamp="18 Dec 2012 13:12:28 GMT" time="15.808" errors="0">
  <testcase name="TestStart" time="15.808" classname="pack_test.Test_128"/>
</testsuite> <!-- pack_test.Test_128 -->
