<?xml version="1.0" encoding="UTF-8"?>
<!-- Generated by org.testng.reporters.JUnitReportReporter -->
<testsuite hostname="microsof-700290" name="pack_test.Test_128" tests="1" failures="0" timestamp="16 Dec 2012 18:46:39 GMT" time="145.047" errors="0">
  <testcase name="TestStart" time="145.047" classname="pack_test.Test_128"/>
</testsuite> <!-- pack_test.Test_128 -->
