<?xml version="1.0" encoding="UTF-8"?>
<!-- Generated by org.testng.reporters.JUnitReportReporter -->
<testsuite hostname="microsof-700290" name="pack_test.Test_128" tests="1" failures="0" timestamp="3 Jan 2013 21:39:43 GMT" time="1710.578" errors="0">
  <testcase name="TestStart" time="1710.578" classname="pack_test.Test_128"/>
</testsuite> <!-- pack_test.Test_128 -->
