<?xml version="1.0" encoding="UTF-8"?>
<!-- Generated by org.testng.reporters.JUnitReportReporter -->
<testsuite hostname="ps-pc-038" name="pack.test.Test1Test" tests="1" failures="0" timestamp="6 Dec 2012 16:24:01 GMT" time="7.990" errors="0">
  <testcase name="TestStart" time="7.990" classname="pack.test.Test1Test"/>
</testsuite> <!-- pack.test.Test1Test -->
