<?xml version="1.0" encoding="UTF-8"?>
<!-- Generated by org.testng.reporters.JUnitReportReporter -->
<testsuite hostname="microsof-700290" name="pack1.TestTest" tests="1" failures="0" timestamp="5 Dec 2012 23:40:25 GMT" time="48.015" errors="0">
  <testcase name="Test" time="48.015" classname="pack1.TestTest"/>
</testsuite> <!-- pack1.TestTest -->
