<?xml version="1.0" encoding="UTF-8"?>
<!-- Generated by org.testng.reporters.JUnitReportReporter -->
<testsuite hostname="microsof-700290" name="pack.test.Test1Test" tests="1" failures="0" timestamp="5 Dec 2012 20:23:01 GMT" time="17.968" errors="0">
  <testcase name="TestStart" time="17.968" classname="pack.test.Test1Test"/>
</testsuite> <!-- pack.test.Test1Test -->
