<?xml version="1.0" encoding="UTF-8"?>
<!-- Generated by org.testng.reporters.JUnitReportReporter -->
<testsuite hostname="microsof-700290" name="pack1.TestTest" tests="1" failures="0" timestamp="9 Jan 2013 23:48:36 GMT" time="14.406" errors="0">
  <testcase name="Test" time="14.406" classname="pack1.TestTest"/>
</testsuite> <!-- pack1.TestTest -->
