<?xml version="1.0" encoding="UTF-8"?>
<!-- Generated by org.testng.reporters.JUnitReportReporter -->
<testsuite hostname="ps-pc-038" name="pack_test.Test_Mobile" tests="1" failures="0" timestamp="30 Jan 2013 06:54:56 GMT" time="0.546" errors="0">
  <testcase name="Test1" time="0.546" classname="pack_test.Test_Mobile"/>
</testsuite> <!-- pack_test.Test_Mobile -->
