<?xml version="1.0" encoding="UTF-8"?>
<!-- Generated by org.testng.reporters.JUnitReportReporter -->
<testsuite hostname="microsof-700290" name="pack1.TestTest" tests="1" failures="0" timestamp="9 Jan 2013 23:41:03 GMT" time="17.172" errors="0">
  <testcase name="Test" time="17.172" classname="pack1.TestTest"/>
</testsuite> <!-- pack1.TestTest -->
